[      33ms] [ERROR] Failed to load resource: the server responded with a status of 404 (Not Found) @ http://localhost:5502/assets/css/base.css?v=3:0
[      33ms] [ERROR] Failed to load resource: the server responded with a status of 404 (Not Found) @ http://localhost:5502/assets/css/layout.css?v=3:0
[      33ms] [ERROR] Failed to load resource: the server responded with a status of 404 (Not Found) @ http://localhost:5502/assets/css/components.css?v=3:0
[      39ms] [ERROR] Failed to load resource: the server responded with a status of 404 (Not Found) @ http://localhost:5502/assets/js/main.js?v=2:0
[      39ms] [ERROR] Failed to load resource: the server responded with a status of 404 (Not Found) @ http://localhost:5502/assets/js/cookie-kvkk.js?v=2:0
[   12272ms] [ERROR] Failed to load resource: the server responded with a status of 404 (Not Found) @ http://localhost:5502/assets/css/base.css?v=3:0
[   12273ms] [ERROR] Failed to load resource: the server responded with a status of 404 (Not Found) @ http://localhost:5502/assets/css/layout.css?v=3:0
[   12274ms] [ERROR] Failed to load resource: the server responded with a status of 404 (Not Found) @ http://localhost:5502/assets/css/components.css?v=3:0
[   12284ms] [ERROR] Failed to load resource: the server responded with a status of 404 (Not Found) @ http://localhost:5502/assets/js/main.js?v=2:0
[   12284ms] [ERROR] Failed to load resource: the server responded with a status of 404 (Not Found) @ http://localhost:5502/assets/js/cookie-kvkk.js?v=2:0
[   14750ms] [ERROR] Failed to load resource: the server responded with a status of 404 (Not Found) @ http://localhost:5502/assets/css/base.css?v=3:0
[   14750ms] [ERROR] Failed to load resource: the server responded with a status of 404 (Not Found) @ http://localhost:5502/assets/css/layout.css?v=3:0
[   14751ms] [ERROR] Failed to load resource: the server responded with a status of 404 (Not Found) @ http://localhost:5502/assets/css/components.css?v=3:0
[   14762ms] [ERROR] Failed to load resource: the server responded with a status of 404 (Not Found) @ http://localhost:5502/assets/js/main.js?v=2:0
[   14762ms] [ERROR] Failed to load resource: the server responded with a status of 404 (Not Found) @ http://localhost:5502/assets/js/cookie-kvkk.js?v=2:0
[   15649ms] [ERROR] Failed to load resource: the server responded with a status of 404 (Not Found) @ http://localhost:5502/assets/css/base.css?v=3:0
[   15650ms] [ERROR] Failed to load resource: the server responded with a status of 404 (Not Found) @ http://localhost:5502/assets/css/layout.css?v=3:0
[   15652ms] [ERROR] Failed to load resource: the server responded with a status of 404 (Not Found) @ http://localhost:5502/assets/css/components.css?v=3:0
[   15657ms] [ERROR] Failed to load resource: the server responded with a status of 404 (Not Found) @ http://localhost:5502/assets/js/main.js?v=2:0
[   15657ms] [ERROR] Failed to load resource: the server responded with a status of 404 (Not Found) @ http://localhost:5502/assets/js/cookie-kvkk.js?v=2:0
[   15859ms] [ERROR] Failed to load resource: the server responded with a status of 404 (Not Found) @ http://localhost:5502/assets/css/base.css?v=3:0
[   15861ms] [ERROR] Failed to load resource: the server responded with a status of 404 (Not Found) @ http://localhost:5502/assets/css/layout.css?v=3:0
[   15861ms] [ERROR] Failed to load resource: the server responded with a status of 404 (Not Found) @ http://localhost:5502/assets/css/components.css?v=3:0
[   15871ms] [ERROR] Failed to load resource: the server responded with a status of 404 (Not Found) @ http://localhost:5502/assets/js/main.js?v=2:0
[   15871ms] [ERROR] Failed to load resource: the server responded with a status of 404 (Not Found) @ http://localhost:5502/assets/js/cookie-kvkk.js?v=2:0
[   16118ms] [ERROR] Failed to load resource: the server responded with a status of 404 (Not Found) @ http://localhost:5502/assets/css/base.css?v=3:0
[   16121ms] [ERROR] Failed to load resource: the server responded with a status of 404 (Not Found) @ http://localhost:5502/assets/css/layout.css?v=3:0
[   16121ms] [ERROR] Failed to load resource: the server responded with a status of 404 (Not Found) @ http://localhost:5502/assets/css/components.css?v=3:0
[   16126ms] [ERROR] Failed to load resource: the server responded with a status of 404 (Not Found) @ http://localhost:5502/assets/js/main.js?v=2:0
[   16127ms] [ERROR] Failed to load resource: the server responded with a status of 404 (Not Found) @ http://localhost:5502/assets/js/cookie-kvkk.js?v=2:0
